bloody matress
bad smelling room
cigarette smell
old
nasty
filthy
trash
sewage
worn
threadbare
cigarettes burns
stale oder
musty odor
wet and stunk
clean
sagging
dampness
dirty towels
bad body odor 
smelled like a smok
garbage and debris 
hair in the bathtub
had 10-15 tiny hairs
blankets 
clean
dirty
filthy
funky
bugs
thousands of insects 
smelling like an ashtray
smelled like old cigarettes
a dirty tissue in the drawer
chemical odors
bunch of Pubic hair
left footprints by the door
smell like mildew
dust in air 
stain on the sheets
rodent 
smelled of urine
pungent
unhealthy 
grubby

