Entertainment
Trivia Games
Played
Stage Shows
Entertainers
Guest Entertainers
Dancers
Singers
Music Ensembles
Theatre
Party
Musicians
Comedian
Opera Singer
Violin Soloist
Zither Player
Vocalist
Quizzes
Game Shows
Seminar
Kids Programs
Gambling
Nightclub
Ice Show
Concert
Guest Entertainers
Miniature Golf
Water-sports
The Stage Show
Dancers
Classical Musicians
The Comedians
Singer
Karaoke
Music
The Folkloric Program
Trivia
the Violinist
Entertainment
Pianist
Spectacular Shows
Magicians Show
Theatre
Gymnasts
Orchestra
Cooking Demo
Comedy Show
The Quest Game
The Beatles Show
Scavenger Hunts
The Star Theater
Broadway Style Shows
Ballroom Show
Disco Show
The Variety Shows
The Comedians Jokes
The Pool Tables
The Mexican Folk
Ice Carving Demo In The Hot Sun
Art Auctions
Gambling
Classical Music
Live Dance Music
Classical Guitarist
The Entertainment Team
Ice Show
A Motown Show
Opera Singer
violinist
Zither Player
Vocalist
Lots Of Quizzes
Game Shows
magician
Bingo
trivia Quiz
Theater
Lovely Costumes
Singer
Comedians
Waterworks
Juggler
Magician
Shows
Shopping
Entertainer
Excursions
Venues
Fun
Carnival
Flaw
Band
Ventriloquist
Comedic Juggler
Caters
Spots
Threadbare Carpeting
lido Pool
Piano
Martini Bar
Star Bar
Casino
Adult Venues
Board Shows
Sports
Table Tennis
Football
Basketball
Swimming
Swimming Pools
Fun Activities
Bingo
Bingo Session
Karaoke
Quizzes
Yoga
Nightclub
Snow Skiing
Ice-skating
Internet
Chops
Adult Pool
Comedy Troupe
Television
Cirque Show
Auctions
Wahay
Competitions
Hottub
Pool/hottub Area
Acrobats
Hypnotist
Bands
Orchestra
Comedian Shows
Cellos
Skit
Crew Skit
Water Park
Pianist