On And Off The Ship
Embark
Disembarked
Embarkation
Escalator
Board
Debarkation
Busride
Plane
Ports
Extension Cord
Berth
Departure Lounge
Check In
Disembark
Terminal
Inspection
Customs
Long Line
Parking Garage
Getting On
Getting Off
Debarking
Debark
Elation
Departure
Valet Parking
Long Customs Lines
Embarkation Process
The Luggage
Boarded
The Queue For Customs/security
The Vip Lounge
Time Card
Disembarked
Embarkation
Plane
Ports
Embarkation
Champagne
Disembarkation
Disembarking Guests
Registration
embark/disembark Process
Embarked
Folks
Cruisers
Harbor
Occasion
Pearl
Debarking
Before Debarking
Check In
Efficient Embarkation
Check-in
Check-in / Boarding Process
Departed
Debarkation
Self Debarkation