able
absolved 
abundant 
accepting 
accomplished
active 
adored 
appreciated 
attractive 
authentic 
awesome 
balanced 
beautiful 
believing 
blessed 
blissful 
brave 
courageous 
credible 
daring 
decisive 
defended 
dependable 
desirable 
dignified 
dynamic 
eager 
easy-going 
ecstatic 
efficient 
elegant 
emancipated 
empowered 
encouraged 
energetic 
energized 
excited 
expressive 
faith 
fantastic 
favored 
firm 
flexible 
focused 
forceful 
forgiven 
free 
fulfilled 
gentle 
genuine 
gifted 
glowing 
good-natured 
graceful 
gracious 
gratified 
grounded 
happy 
healed 
helpful 
heroic 
high 
honest 
high 
honest 
honorable 
hopeful 
humble 
humorous 
indendent 
infatuated 
innocent 
inspired 
intelligent 
interested 
invincible 
invited 
jovial 
joyful 
judicious 
kind 
learning 
liberated 
light 
lighthearted 
loved 
loyal 
lucky 
magnetic 
marvelous 
masterful 
mature 
meek 
merciful 
mindful 
modest 
motivated 
neat 
noble 
non-judgmental 
observant 
open 
open hearted 
organized 
outgoing 
pacified 
passionate 
patient 
peaceful 
perfect 
persevering 
pleasant 
pleased 
popular 
positive 
powerful 
praised 
precious 
prepared 
present 
productive 
proficient 
prosperous 
protected 
prudent 
punctual 
purposeful 
qualified 
quick 
radiant 
rational 
reasonable 
reassured 
recongized 
redeemed 
relaxed 
release 
reliable 
relief 
replenished 
respected 
responsive 
rewarded 
rooted 
satisfied 
secure 
selfless 
sensational 
sensible 
sensitive 
serene 
simple 
skillful 
smooth 
spirited 
splendid 
strong 
successful 
supported 
sustained 
tactful 
teachable 
temperate 
tender 
thankful 
thoughtful 
tolerant 
tranquil 
triumphant 
trust 
unbiased 
unhurried 
unique 
unselfish 
upheld 
valiant 
valuable 
valued 
virile 
vital 
warm 
wealthy 
willing 
wise 
wonderful 
worthwhile 
worthy 
zealous


