The manager 
reservation
WiFi
computer
HBO
roomservice
customer service 
The lady checking us
high speed Internet
well maintained.
accepts pets
The gentleman at the front desk 
Personnel at the desk 
the front desk staff 
Very friendly service
friendly staff
Coushatta Casino
facility maintenance
nice pool 
The attendant 
parking
TV
management 
reservation
repaired
room service
desk clerk
attendant
manager
friendly
people
housekeeping
personnel
indoor pool 
heated pool
wireless Internet 
cable TV
extra perks
minimal supplies
check in
check out 
entertainment center
Good security
Internet signal
great attitude
hot tub
man behind the counter
internet station
lift
employees
Elevator
housekeeper
Room Stewards
Servers
Manager
Crew Service
Staff
Internet Access
Wifi
Cabin Steward
Waiters
Waitresses
Service
Room Service
Attendant
Friendliness
Pool
Pond
Room Stewardess
Porter
Taxi Service
Hotel Desk
Internet
Service Personnel
Stateroom Host
Poor Repair
Good/excellent Service
Rooftop Pool
Staff People
Room Girl
Customer Services
Outdoor Pools
Lifeboat
Lifejackets
Indoor Pool
Parking
Whirlpool Jacuzzi
Room Stuarts
Elevators
Pool Butlers
Stateroom Attendant
Service Desk Person
Internet Service
Cabin Attendant
Dining Room Staff
Customer Service Desk
Room Attendants
Waiters
Waitresses
Service Personnel
Stateroom Host
Poor Repair
Wine Staff
front Desk Staf
bar Staff
Secruity Staff
Towel
Pool
Staff Service
Lounge
Waiters
Kitchen
Sommeliers
Board
Guest Services
Atmosphere
Concierge Service
Self Service
Hostesses
Chef
Supervisors
Lack Luster Service
Counter
Customer Service
Cleanliness
Public Spaces
Overall Service
Cruise Compass
Hospitality
Non-smokers
Smoking Areas
Doctor
Stewards
Staff
Laundry
Phone
Mobile Access
Elevator
Butler
Porters
Photographers
Attendant
Cabin Attendant
Pursar's Desk
Shuttle Service
Outlet
Electrical Outlets
Pursers
Wifi
Dealers
Housekeepers
Atm
Self-laundry
Washer
Dryer
